2020-02-12 03:36:44: -- Creating new group --
2020-02-12 03:36:44: Product ID: 167
2020-02-12 03:36:44: Old Group ID: a8add4
2020-02-12 03:36:44: New Group ID: 392
2020-02-12 03:36:44: -- Creating new field --
2020-02-12 03:36:44: Product ID: 167
2020-02-12 03:36:44: Old Field ID: e5e0ee
2020-02-12 03:36:44: New Field ID: 393
2020-02-12 03:36:44: -- Creating new group --
2020-02-12 03:36:44: Product ID: 9
2020-02-12 03:36:44: Old Group ID: 7e047f78fd4b2829
2020-02-12 03:36:44: New Group ID: 394
2020-02-12 03:36:44: -- Creating new field --
2020-02-12 03:36:44: Product ID: 9
2020-02-12 03:36:44: Old Field ID: 769b85d368371259
2020-02-12 03:36:44: New Field ID: 395
2020-02-12 03:36:44: -- Creating new group --
2020-02-12 03:36:44: Product ID: 9
2020-02-12 03:36:44: Old Group ID: 2e13d82930687f4b
2020-02-12 03:36:44: New Group ID: 396
2020-02-12 03:36:44: -- Creating new field --
2020-02-12 03:36:44: Product ID: 9
2020-02-12 03:36:44: Old Field ID: d0aba7afee8957d7
2020-02-12 03:36:44: New Field ID: 397
2020-02-12 03:36:46: Conditionals completed
2020-02-12 03:36:47: Globals completed
2020-02-12 03:36:48: global_conditions
2020-02-12 03:36:48: Global conditionals completed
